<?xml version="1.0" encoding="UTF-8"?>
<!-- Generated by org.testng.reporters.JUnitReportReporter -->
<testsuite hostname="Karthikuchiha" failures="0" tests="1" name="adactin.testNG.Integration" time="34.345" errors="0" timestamp="2022-02-28T18:57:48 IST" skipped="0">
  <testcase classname="adactin.testNG.Integration" name="LoginPage" time="34.345"/>
  <system-out/>
</testsuite> <!-- adactin.testNG.Integration -->
